
 **SPOCK (Simulation tool for Photonics and Optical Circuit Knowledge)** 
=============================================================== 
Version: 0.01 


** case number 1  1 ** 

Summary of the structure, polarisations and boundary conditions 
------------------------------------------------------------- 
 
Implied unit of length - um (1.0e-6 meters). 
All parameters are normalized. 
Nominal wavelength = 1.550000 um. 
Free space k0 = 2*PI/wvl =  4.053668 rad/um. 
Complex freqency factor kc = (1.000000, 0.000000). 
Effective-k0 = kc * k0 = (4.053668, 0.000000). 
All propagation coefficients are normalized to effective-k0.
Relative frequency kf = (1.000000, 0.000000). 

Polarization kpol (=0 TE case, =1 TM case) = 1. 
transverse magnetic case- Hx = Ey = Hz = 0.
Tangential Fy = Hy, longitudinal Fz = -Ez and 
transverse Fx = Ex. Yx = Fz/Fy and 
Yz = Fx/Fy are wave admittances in the 
postive x and z direction 
 
 
 Layered Structure: 
Total layers = 19. 
Boundries = 18. 	 Finite layers = 17  

-----------------------------------------------

Semi-infinite Layer: 

 Outer boundary is boundry 1 
pe = (10.016696 0.000000), pm = (1.000000 0.000000) 
layer number = 1 
qn = (10.016696 0.000000), yn = (0.099833 0.000000) 
rn = (3.164916 0.000000) 

-----------------------------------------------

Finite Layers: 
pe = (10.016696, 0.000000), pm = (1.000000, 0.000000). 
layer number = 2, tl = 1.500000. 
qn = (10.016696, 0.000000), yn = (0.099833, 0.000000). 
tl/wvl = 0.967742, rn = (3.164916 0.000000), ph0 = (19.244281 0.000000). 
boundry location = 1.500000 
-----------------------------------------------

pe = (11.342696, 0.000000), pm = (1.000000, 0.000000). 
layer number = 3, tl = 0.200000. 
qn = (11.342696, 0.000000), yn = (0.088162, 0.000000). 
tl/wvl = 0.129032, rn = (3.367892 0.000000), ph0 = (2.730463 0.000000). 
boundry location = 1.700000 
-----------------------------------------------

pe = (11.426044, 0.000000), pm = (1.000000, 0.000000). 
layer number = 4, tl = 0.010000. 
qn = (11.426044, 0.000000), yn = (0.087519, 0.000000). 
tl/wvl = 0.006452, rn = (3.380243 0.000000), ph0 = (0.137024 0.000000). 
boundry location = 1.710000 
-----------------------------------------------

pe = (12.243998, 0.000000), pm = (1.000000, 0.000000). 
layer number = 5, tl = 0.005000. 
qn = (12.243998, 0.000000), yn = (0.081673, 0.000000). 
tl/wvl = 0.003226, rn = (3.499142 0.000000), ph0 = (0.070922 0.000000). 
boundry location = 1.715000 
-----------------------------------------------

pe = (11.426044, 0.000000), pm = (1.000000, 0.000000). 
layer number = 6, tl = 0.010000. 
qn = (11.426044, 0.000000), yn = (0.087519, 0.000000). 
tl/wvl = 0.006452, rn = (3.380243 0.000000), ph0 = (0.137024 0.000000). 
boundry location = 1.725000 
-----------------------------------------------

pe = (12.243998, 0.000000), pm = (1.000000, 0.000000). 
layer number = 7, tl = 0.005000. 
qn = (12.243998, 0.000000), yn = (0.081673, 0.000000). 
tl/wvl = 0.003226, rn = (3.499142 0.000000), ph0 = (0.070922 0.000000). 
boundry location = 1.730000 
-----------------------------------------------

pe = (11.426044, 0.000000), pm = (1.000000, 0.000000). 
layer number = 8, tl = 0.010000. 
qn = (11.426044, 0.000000), yn = (0.087519, 0.000000). 
tl/wvl = 0.006452, rn = (3.380243 0.000000), ph0 = (0.137024 0.000000). 
boundry location = 1.740000 
-----------------------------------------------

pe = (12.243998, 0.000000), pm = (1.000000, 0.000000). 
layer number = 9, tl = 0.005000. 
qn = (12.243998, 0.000000), yn = (0.081673, 0.000000). 
tl/wvl = 0.003226, rn = (3.499142 0.000000), ph0 = (0.070922 0.000000). 
boundry location = 1.745000 
-----------------------------------------------

pe = (11.426044, 0.000000), pm = (1.000000, 0.000000). 
layer number = 10, tl = 0.010000. 
qn = (11.426044, 0.000000), yn = (0.087519, 0.000000). 
tl/wvl = 0.006452, rn = (3.380243 0.000000), ph0 = (0.137024 0.000000). 
boundry location = 1.755000 
-----------------------------------------------

pe = (12.243998, 0.000000), pm = (1.000000, 0.000000). 
layer number = 11, tl = 0.005000. 
qn = (12.243998, 0.000000), yn = (0.081673, 0.000000). 
tl/wvl = 0.003226, rn = (3.499142 0.000000), ph0 = (0.070922 0.000000). 
boundry location = 1.760000 
-----------------------------------------------

pe = (11.426044, 0.000000), pm = (1.000000, 0.000000). 
layer number = 12, tl = 0.010000. 
qn = (11.426044, 0.000000), yn = (0.087519, 0.000000). 
tl/wvl = 0.006452, rn = (3.380243 0.000000), ph0 = (0.137024 0.000000). 
boundry location = 1.770000 
-----------------------------------------------

pe = (11.342696, 0.000000), pm = (1.000000, 0.000000). 
layer number = 13, tl = 0.200000. 
qn = (11.342696, 0.000000), yn = (0.088162, 0.000000). 
tl/wvl = 0.129032, rn = (3.367892 0.000000), ph0 = (2.730463 0.000000). 
boundry location = 1.970000 
-----------------------------------------------

pe = (10.016696, 0.000000), pm = (1.000000, 0.000000). 
layer number = 14, tl = 0.100000. 
qn = (10.016696, 0.000000), yn = (0.099833, 0.000000). 
tl/wvl = 0.064516, rn = (3.164916 0.000000), ph0 = (1.282952 0.000000). 
boundry location = 2.070000 
-----------------------------------------------

pe = (11.426044, 0.000000), pm = (1.000000, 0.000000). 
layer number = 15, tl = 0.025000. 
qn = (11.426044, 0.000000), yn = (0.087519, 0.000000). 
tl/wvl = 0.016129, rn = (3.380243 0.000000), ph0 = (0.342560 0.000000). 
boundry location = 2.095000 
-----------------------------------------------

pe = (10.016696, 0.000000), pm = (1.000000, 0.000000). 
layer number = 16, tl = 2.100000. 
qn = (10.016696, 0.000000), yn = (0.099833, 0.000000). 
tl/wvl = 1.354839, rn = (3.164916 0.000000), ph0 = (26.941993 0.000000). 
boundry location = 4.195000 
-----------------------------------------------

pe = (11.588578, 0.000000), pm = (1.000000, 0.000000). 
layer number = 17, tl = 0.340000. 
qn = (11.588578, 0.000000), yn = (0.086292, 0.000000). 
tl/wvl = 0.219355, rn = (3.404200 0.000000), ph0 = (4.691829 0.000000). 
boundry location = 4.535000 
-----------------------------------------------

pe = (12.469373, 0.000000), pm = (1.000000, 0.000000). 
layer number = 18, tl = 0.500000. 
qn = (12.469373, 0.000000), yn = (0.080196, 0.000000). 
tl/wvl = 0.322581, rn = (3.531200 0.000000), ph0 = (7.157156 0.000000). 
boundry location = 5.035000 
-----------------------------------------------

-----------------------------------------------

Semi-infinite Layer: 

 Outer boundary is boundry 18 
pe = (-104.023429 3.509019), pm = (1.000000 0.000000) 
layer number = 19 
qn = (-104.023429 3.509019), yn = (-0.009602 -0.000324) 
rn = (0.172000 10.200638) 

-----------------------------------------------

Boundary 1, kbc1 = 1, kbd1 = 2. 
Open boundry, semi-infinite adjacent layer 
Principal branch specification for wx. Angle 
apb = 0.250000 pi, vector vpb = (0.707107, 0.707107). (wx*dot*vpb >= 20)
Eigen condition: Outward wave solution only 
Eigen condition- closed boundary. Outer layers ignored.
Fixed surface admittance(TE)/impedance(TM) yb = (1.000000, 0.000000) 
Fixed surface admittance(TE)/impedance(TM) zb = (1.000000, 0.000000) 
 
boundary 18, kbc2 = 1, kbd2 = 2. 
Open boundry, semi-infinite adjacent layer. 
Principal branch specification for wx. Angle 
apb = 0.250000 pi, vector vpb = (0.707107 0.707107). (wx.vpb >= 20) 
Eigen condition: Outward wave solution only 
 
Eigen condition- closed boundary. Outer layers ignored.
Fixed surface admittance(TE)/impedance(TM) yb = (1.000000, 0.000000) 
Fixed surface admittance(TE)/impedance(TM) zb = (1.000000, 0.000000) 

end structure description 
================================================== 
