There are no sandwiches above the grating. 
Super Matrix has leading dimension: 166

      Contribution from top layers: 18
     Contribution from the Grating: 76
   Contribution from bottom layers: 72
 lambda =  1 

 layer   index      thickness
------------------------------------
  0   1.000000   1.000000   0.000000  AirRegion
  1   1.732051   1.732051   0.400000  GratingLayer
  2   1.732051   1.732051   0.318310  Waveguide
  3   1.516575   1.516575   0.000000  Substrate
------------------------------------
 0    0.40000   AirRegion
 1    0.00000   GratingLayer
 2   -0.31831   Waveguide
*************************************************************************
*            Results for Mode With Grating Unloaded
***********************************w(z)=0********************************
      z                         RCOND          INFO
(4.000000e-03,1.582300e+00)	2.030523e-03	0
(-1.888672e-05,1.585706e+00)	7.235876e-06	0
(2.968466e-11,1.585707e+00)	1.006597e-10	0
(-2.266378e-18,1.585707e+00)	3.376270e-17	0
     0
  5.608e-02 -1.708e-16 
  4.586e-01  5.730e-17 
  5.522e-01  0.000e+00 
  5.522e-01 -7.665e-17 
     0
  0.000e+00  0.000e+00 
 -3.337e-01 -2.957e-17 
  2.557e-01 -7.008e-17 
  0.000e+00  0.000e+00 

Converged in 4 Iterations.
 zguess   = ( 4.0000000000e-03 ,    1.5823000000 ) 
 zroot    = ( -2.266377613587487e-18 ,    1.585707016789870 ) 

 Layer Confinement Factors 
Gamma( 0) =      1.0556e-03 AirRegion
Gamma( 1) =      1.1341e-01 GratingLayer
Gamma( 2) =      6.1354e-01 Waveguide
Gamma( 3) =      2.7199e-01 Substrate

phi ( 0) =  5.09720e-02,-1.55230e-16   phip( 0) =  0.00000e+00, 0.00000e+00 
phi ( 1) =  4.16832e-01, 5.20836e-17   phip( 1) = -3.03292e-01,-2.68795e-17 
phi ( 2) =  5.01921e-01, 0.00000e+00   phip( 2) =  2.32443e-01,-6.37002e-17 
***************************************************************
***   Itteration 0 
***************************************************************
Panel Sizes 9 9 10 
Grating Heigt 0.4 
Calculated Duty Cycle 0.500000 
Tooth Size (A region)  0.315 
Fill Size  (B region)  0.315 
Grating Period = 0.63
Boundary Matrix N*N, N = 76

Completed g1 and h1...
Completed g2 and h2...
 Minimizing the matrix condition factor RCOND ...
           Zguess                RCOND
(4.000000e-03,1.582300e+00)	1.697632e-04	0
(1.004749e-03,1.585410e+00)	1.033970e-05	0
(5.256613e-04,1.585341e+00)	1.240661e-07	0
(5.286554e-04,1.585336e+00)	1.854494e-11	0
 Alpha = 3.321640e-03 
 Beta*Clambda/2Pi = 0.998762
