This is pdfTeX, Version 3.14159-13d (Web2C 7.3.1) (format=pdflatex 2001.9.7)  8 FEB 2005 13:41
**farfield.tex
(farfield.tex[/usr/share/texmf/pdftex/config/pdftex.cfg]
LaTeX2e <2000/06/01>
Babel <v3.7h> and hyphenation patterns for american, french, german, ngerman, i
talian, nohyphenation, loaded.
(spie.cls
Document Class: spie 2003/07/16 v2.80 SPIE Proceedings class
(/usr/share/texmf/tex/latex/base/article.cls
Document Class: article 2000/05/19 v1.4b Standard LaTeX document class
(/usr/share/texmf/tex/latex/base/size10.clo
File: size10.clo 2000/05/19 v1.4b Standard LaTeX file (size option)
)
\c@part=\count79
\c@section=\count80
\c@subsection=\count81
\c@subsubsection=\count82
\c@paragraph=\count83
\c@subparagraph=\count84
\c@figure=\count85
\c@table=\count86
\abovecaptionskip=\skip41
\belowcaptionskip=\skip42
\bibindent=\dimen102
)
ten-point font
\c@theorem=\count87
\@tempcntc=\count88
\@minsofar=\count89
\@min=\count90
\@cite@temp=\count91
) (/usr/share/texmf/tex/latex/graphics/graphicx.sty
Package: graphicx 1999/02/16 v1.0f Enhanced LaTeX Graphics (DPC,SPQR)

(/usr/share/texmf/tex/latex/graphics/keyval.sty
Package: keyval 1999/03/16 v1.13 key=value parser (DPC)
\KV@toks@=\toks14
)
(/usr/share/texmf/tex/latex/graphics/graphics.sty
Package: graphics 1999/02/16 v1.0l Standard LaTeX Graphics (DPC,SPQR)

(/usr/share/texmf/tex/latex/graphics/trig.sty
Package: trig 1999/03/16 v1.09 sin cos tan (DPC)
)
(/usr/share/texmf/tex/latex/config/graphics.cfg)
Package graphics Info: Driver file: pdftex.def on input line 80.

(/usr/share/texmf/tex/latex/graphics/pdftex.def
File: pdftex.def 2000/06/16 v0.03a graphics/color for pdftex
\Gread@gobject=\count92
))
\Gin@req@height=\dimen103
\Gin@req@width=\dimen104
)
(/usr/share/texmf/tex/latex/graphics/color.sty
Package: color 1999/02/16 v1.0i Standard LaTeX Color (DPC)

(/usr/share/texmf/tex/latex/config/color.cfg)
Package color Info: Driver file: pdftex.def on input line 125.
)
(/usr/share/texmf/tex/latex/misc/psfrag.sty
Package: psfrag 1998/04/11 v3.04 PSfrag (MCG)
\pfg@pcount=\count93
\pfg@scount=\count94
\pfg@temp=\write3
) (farfield.aux)
\openout1 = `farfield.aux'.

LaTeX Font Info:    Checking defaults for OML/cmm/m/it on input line 13.
LaTeX Font Info:    ... okay on input line 13.
LaTeX Font Info:    Checking defaults for T1/cmr/m/n on input line 13.
LaTeX Font Info:    ... okay on input line 13.
LaTeX Font Info:    Checking defaults for OT1/cmr/m/n on input line 13.
LaTeX Font Info:    ... okay on input line 13.
LaTeX Font Info:    Checking defaults for OMS/cmsy/m/n on input line 13.
LaTeX Font Info:    ... okay on input line 13.
LaTeX Font Info:    Checking defaults for OMX/cmex/m/n on input line 13.
LaTeX Font Info:    ... okay on input line 13.
LaTeX Font Info:    Checking defaults for U/cmr/m/n on input line 13.
LaTeX Font Info:    ... okay on input line 13.

(/usr/share/texmf/tex/context/base/supp-pdf.tex
(/usr/share/texmf/tex/context/base/supp-mis.tex
loading : Context Support Macros / Missing
\protectiondepth=\count95
\scratchcounter=\count96
\scratchdimen=\dimen105
\scratchskip=\skip43
\scratchmuskip=\muskip10
\scratchbox=\box26
\scratchread=\read1
\scratchwrite=\write4
\nextbox=\box27
\nextdepth=\dimen106
\everyline=\toks15
\!!counta=\count97
\!!countb=\count98
\recursecounter=\count99
)
loading : Context Support Macros / PDF
\nofMPsegments=\count100
\nofMParguments=\count101
)
LaTeX Font Info:    External font `cmex10' loaded for size
(Font)              <9> on input line 14.
LaTeX Font Info:    External font `cmex10' loaded for size
(Font)              <6> on input line 14.
LaTeX Font Info:    External font `cmex10' loaded for size
(Font)              <5> on input line 14.
LaTeX Font Info:    External font `cmex10' loaded for size
(Font)              <7> on input line 17.
 [1
Non-PDF special ignored!

[/usr/share/texmf/dvips/config/pdftex.map]]
(farfield.aux) ) 
Here is how much of TeX's memory you used:
 914 strings out of 50617
 10329 string characters out of 692243
 57607 words of memory out of 1500001
 3932 multiletter control sequences out of 10000+25000
 6676 words of font info for 24 fonts, out of 400000 for 1000
 14 hyphenation exceptions out of 10000
 29i,7n,21p,204b,184s stack positions out of 3000i,500n,3000p,50000b,5000s
<cmr9.pfb><cmr7.pfb><cmex10.pfb><cmsy10.pfb><cmr10.pfb><cmmi10.
pfb><cmbx10.pfb><cmr12.pfb><cmbx12.pfb>
Output written on farfield.pdf (1 page, 49881 bytes).
